<?xml version="1.0" encoding="UTF-8"?>
<!-- Generated by org.testng.reporters.JUnitReportReporter -->
<testsuite hostname="Maya" failures="0" tests="1" name="com.actitime.testscript.CreateProject" time="2.488" errors="0" timestamp="2024-10-08T11:18:55 IST" skipped="0">
  <testcase classname="com.actitime.testscript.CreateProject" name="createproject" time="2.488"/>
  <system-out/>
</testsuite> <!-- com.actitime.testscript.CreateProject -->
